<?xml version="1.0" encoding="UTF-8"?>
<testsuite name="dev.ultimaratio.messari.bean.RawMarketCalculatorTest" tests="1" skipped="0" failures="0" errors="0" timestamp="2022-03-06T09:18:23" hostname="PC-1101006" time="0.358">
  <properties/>
  <testcase name="add()" classname="dev.ultimaratio.messari.bean.RawMarketCalculatorTest" time="0.358"/>
  <system-out><![CDATA[10:18:20.418 [Test worker] DEBUG org.springframework.test.context.BootstrapUtils - Instantiating CacheAwareContextLoaderDelegate from class [org.springframework.test.context.cache.DefaultCacheAwareContextLoaderDelegate]
10:18:20.426 [Test worker] DEBUG org.springframework.test.context.BootstrapUtils - Instantiating BootstrapContext using constructor [public org.springframework.test.context.support.DefaultBootstrapContext(java.lang.Class,org.springframework.test.context.CacheAwareContextLoaderDelegate)]
10:18:20.456 [Test worker] DEBUG org.springframework.test.context.BootstrapUtils - Instantiating TestContextBootstrapper for test class [dev.ultimaratio.messari.bean.RawMarketCalculatorTest] from class [org.springframework.boot.test.context.SpringBootTestContextBootstrapper]
10:18:20.475 [Test worker] DEBUG org.springframework.test.context.support.AbstractContextLoader - Did not detect default resource location for test class [dev.ultimaratio.messari.bean.RawMarketCalculatorTest]: class path resource [dev/ultimaratio/messari/bean/RawMarketCalculatorTest-context.xml] does not exist
10:18:20.476 [Test worker] DEBUG org.springframework.test.context.support.AbstractContextLoader - Did not detect default resource location for test class [dev.ultimaratio.messari.bean.RawMarketCalculatorTest]: class path resource [dev/ultimaratio/messari/bean/RawMarketCalculatorTestContext.groovy] does not exist
10:18:20.476 [Test worker] INFO org.springframework.test.context.support.AbstractContextLoader - Could not detect default resource locations for test class [dev.ultimaratio.messari.bean.RawMarketCalculatorTest]: no resource found for suffixes {-context.xml, Context.groovy}.
10:18:20.603 [Test worker] DEBUG org.springframework.boot.test.context.SpringBootTestContextBootstrapper - @TestExecutionListeners is not present for class [dev.ultimaratio.messari.bean.RawMarketCalculatorTest]: using defaults.
10:18:20.604 [Test worker] INFO org.springframework.boot.test.context.SpringBootTestContextBootstrapper - Loaded default TestExecutionListener class names from location [META-INF/spring.factories]: [org.springframework.boot.test.autoconfigure.restdocs.RestDocsTestExecutionListener, org.springframework.boot.test.autoconfigure.web.client.MockRestServiceServerResetTestExecutionListener, org.springframework.boot.test.autoconfigure.web.servlet.MockMvcPrintOnlyOnFailureTestExecutionListener, org.springframework.boot.test.autoconfigure.web.servlet.WebDriverTestExecutionListener, org.springframework.boot.test.autoconfigure.webservices.client.MockWebServiceServerTestExecutionListener, org.springframework.boot.test.mock.mockito.MockitoTestExecutionListener, org.springframework.boot.test.mock.mockito.ResetMocksTestExecutionListener, org.springframework.test.context.web.ServletTestExecutionListener, org.springframework.test.context.support.DirtiesContextBeforeModesTestExecutionListener, org.springframework.test.context.event.ApplicationEventsTestExecutionListener, org.springframework.test.context.support.DependencyInjectionTestExecutionListener, org.springframework.test.context.support.DirtiesContextTestExecutionListener, org.springframework.test.context.transaction.TransactionalTestExecutionListener, org.springframework.test.context.jdbc.SqlScriptsTestExecutionListener, org.springframework.test.context.event.EventPublishingTestExecutionListener]
10:18:20.618 [Test worker] INFO org.springframework.boot.test.context.SpringBootTestContextBootstrapper - Using TestExecutionListeners: [org.springframework.test.context.web.ServletTestExecutionListener@34d05b93, org.springframework.test.context.support.DirtiesContextBeforeModesTestExecutionListener@6a5f8ad8, org.springframework.test.context.event.ApplicationEventsTestExecutionListener@d1782ab, org.springframework.boot.test.mock.mockito.MockitoTestExecutionListener@48de078a, org.springframework.boot.test.autoconfigure.SpringBootDependencyInjectionTestExecutionListener@7e64c1c1, org.springframework.test.context.support.DirtiesContextTestExecutionListener@68fb9d9f, org.springframework.test.context.transaction.TransactionalTestExecutionListener@59c848f1, org.springframework.test.context.jdbc.SqlScriptsTestExecutionListener@6192f615, org.springframework.test.context.event.EventPublishingTestExecutionListener@3920492f, org.springframework.boot.test.autoconfigure.restdocs.RestDocsTestExecutionListener@d833cf1, org.springframework.boot.test.autoconfigure.web.client.MockRestServiceServerResetTestExecutionListener@16176270, org.springframework.boot.test.autoconfigure.web.servlet.MockMvcPrintOnlyOnFailureTestExecutionListener@60430cf9, org.springframework.boot.test.autoconfigure.web.servlet.WebDriverTestExecutionListener@5b1148ef, org.springframework.boot.test.autoconfigure.webservices.client.MockWebServiceServerTestExecutionListener@4fe183c8, org.springframework.boot.test.mock.mockito.ResetMocksTestExecutionListener@62c86ca6]
10:18:20.622 [Test worker] DEBUG org.springframework.test.context.support.AbstractDirtiesContextTestExecutionListener - Before test class: context [DefaultTestContext@4e74ed6e testClass = RawMarketCalculatorTest, testInstance = [null], testMethod = [null], testException = [null], mergedContextConfiguration = [WebMergedContextConfiguration@252a9b0e testClass = RawMarketCalculatorTest, locations = '{}', classes = '{class dev.ultimaratio.messari.bean.RawMarketCalculator, class dev.ultimaratio.messari.config.AppConfig}', contextInitializerClasses = '[]', activeProfiles = '{test}', propertySourceLocations = '{}', propertySourceProperties = '{org.springframework.boot.test.context.SpringBootTestContextBootstrapper=true}', contextCustomizers = set[org.springframework.boot.test.autoconfigure.actuate.metrics.MetricsExportContextCustomizerFactory$DisableMetricExportContextCustomizer@970c991, org.springframework.boot.test.autoconfigure.properties.PropertyMappingContextCustomizer@0, org.springframework.boot.test.autoconfigure.web.servlet.WebDriverContextCustomizerFactory$Customizer@3aeb4867, [ImportsContextCustomizer@442bbb9f key = [@org.springframework.boot.test.context.SpringBootTest(args={}, webEnvironment=MOCK, value={}, properties={}, classes={dev.ultimaratio.messari.bean.RawMarketCalculator.class}), @org.springframework.context.annotation.Import(value={org.springframework.boot.autoconfigure.AutoConfigurationPackages$Registrar.class}), @org.springframework.context.annotation.Import(value={org.springframework.boot.autoconfigure.AutoConfigurationImportSelector.class}), @org.springframework.boot.autoconfigure.EnableAutoConfiguration(exclude={}, excludeName={}), @org.springframework.test.context.BootstrapWith(value=org.springframework.boot.test.context.SpringBootTestContextBootstrapper.class), @org.springframework.test.context.ActiveProfiles(profiles={}, resolver=org.springframework.test.context.ActiveProfilesResolver.class, value={"test"}, inheritProfiles=true), @org.springframework.boot.autoconfigure.AutoConfigurationPackage(basePackages={}, basePackageClasses={}), @org.springframework.test.context.ContextConfiguration(inheritInitializers=true, initializers={}, loader=org.springframework.test.context.ContextLoader.class, classes={dev.ultimaratio.messari.config.AppConfig.class}, name="", locations={}, value={}, inheritLocations=true)]], org.springframework.boot.test.context.filter.ExcludeFilterContextCustomizer@13f3f4fc, org.springframework.boot.test.json.DuplicateJsonObjectContextCustomizerFactory$DuplicateJsonObjectContextCustomizer@2eee02fa, org.springframework.boot.test.mock.mockito.MockitoContextCustomizer@0, org.springframework.boot.test.web.client.TestRestTemplateContextCustomizer@10009e17, org.springframework.boot.test.context.SpringBootTestArgs@1, org.springframework.boot.test.context.SpringBootTestWebEnvironment@652d610c], resourceBasePath = 'src/main/webapp', contextLoader = 'org.springframework.boot.test.context.SpringBootContextLoader', parent = [null]], attributes = map['org.springframework.test.context.web.ServletTestExecutionListener.activateListener' -> true]], class annotated with @DirtiesContext [false] with mode [null].
10:18:20.685 [Test worker] DEBUG org.springframework.boot.ApplicationServletEnvironment - Activating profiles []
10:18:20.688 [Test worker] DEBUG org.springframework.test.context.support.TestPropertySourceUtils - Adding inlined properties to environment: {spring.jmx.enabled=false, org.springframework.boot.test.context.SpringBootTestContextBootstrapper=true}

2022-03-06 10:18:20.951  INFO 1875 --- [    Test worker] m.p.springdotenv.DotenvPropertySource    : Initializing Dotenv with DotenvConfig{directory=null, filename=null, ignoreIfMalformed=false, ignoreIfMissing=true, systemProperties=false}
2022-03-06 10:18:20.969  INFO 1875 --- [    Test worker] d.u.m.bean.RawMarketCalculatorTest       : Starting RawMarketCalculatorTest using Java 11.0.11 on PC-1101006 with PID 1875 (started by klacire in /Users/klacire/projects/poc/messari/market-data-coding-challenge/app)
2022-03-06 10:18:20.970  INFO 1875 --- [    Test worker] d.u.m.bean.RawMarketCalculatorTest       : The following profiles are active: test
2022-03-06 10:18:22.590  INFO 1875 --- [    Test worker] o.a.c.impl.engine.AbstractCamelContext   : Detected: camel-debug JAR (enabling Camel Debugging)
2022-03-06 10:18:23.295  INFO 1875 --- [    Test worker] o.a.c.management.JmxManagementStrategy   : JMX is enabled
2022-03-06 10:18:23.498  INFO 1875 --- [    Test worker] o.a.c.impl.engine.AbstractCamelContext   : Routes startup (total:0 started:0)
2022-03-06 10:18:23.498  INFO 1875 --- [    Test worker] o.a.c.impl.engine.AbstractCamelContext   : Apache Camel 3.15.0 (camel-1) started in 365ms (build:80ms init:118ms start:167ms)
2022-03-06 10:18:23.503  INFO 1875 --- [    Test worker] o.a.camel.impl.debugger.BacklogDebugger  : Enabling debugger
2022-03-06 10:18:23.509  INFO 1875 --- [    Test worker] d.u.m.bean.RawMarketCalculatorTest       : Started RawMarketCalculatorTest in 2.819 seconds (JVM running for 3.756)
1
]]></system-out>
  <system-err><![CDATA[]]></system-err>
</testsuite>
